0 verbose cli C:\Program Files\nodejs\node.exe C:\Program Files\nodejs\node_modules\npm\bin\npm-cli.js
1 info using npm@11.9.0
2 info using node@v24.14.0
3 silly config load:file:C:\Program Files\nodejs\node_modules\npm\npmrc
4 silly config load:file:C:\Users\n1j\Desktop\BookStoreAppMERN-main\.npmrc
5 silly config load:file:C:\Users\n1j\.npmrc
6 silly config load:file:C:\Users\n1j\AppData\Roaming\npm\etc\npmrc
7 verbose title npm install mongodb-memory-server@latest
8 verbose argv "install" "mongodb-memory-server@latest" "--cache" "./.npm-cache" "--prefer-offline" "--no-progress"
9 verbose logfile logs-max:10 dir:C:\Users\n1j\Desktop\BookStoreAppMERN-main\.npm-cache\_logs\2026-03-17T18_01_07_445Z-
10 verbose logfile C:\Users\n1j\Desktop\BookStoreAppMERN-main\.npm-cache\_logs\2026-03-17T18_01_07_445Z-debug-0.log
11 silly logfile done cleaning log files
12 silly packumentCache heap:2348810240 maxSize:587202560 maxEntrySize:293601280
13 silly packumentCache corgi:https://registry.npmjs.org/mongodb-memory-server cache-miss
14 http fetch GET 200 https://registry.npmjs.org/mongodb-memory-server 328ms (cache miss)
15 silly packumentCache corgi:https://registry.npmjs.org/mongodb-memory-server set size:undefined disposed:false
16 silly idealTree buildDeps
17 silly fetch manifest mongodb-memory-server@11.0.1
18 silly packumentCache full:https://registry.npmjs.org/mongodb-memory-server cache-miss
19 http fetch GET 200 https://registry.npmjs.org/npm 533ms
20 http fetch GET 200 https://registry.npmjs.org/mongodb-memory-server 743ms (cache miss)
21 silly packumentCache full:https://registry.npmjs.org/mongodb-memory-server set size:undefined disposed:false
22 silly placeDep ROOT mongodb-memory-server@11.0.1 OK for: bookstore@1.0.0 want: 11.0.1
23 silly fetch manifest mongodb-memory-server-core@11.0.1
24 silly packumentCache full:https://registry.npmjs.org/mongodb-memory-server-core cache-miss
25 silly fetch manifest tslib@^2.8.1
26 silly packumentCache full:https://registry.npmjs.org/tslib cache-miss
27 http fetch GET 200 https://registry.npmjs.org/tslib 70ms (cache miss)
28 silly packumentCache full:https://registry.npmjs.org/tslib set size:undefined disposed:false
29 http fetch GET 200 https://registry.npmjs.org/mongodb-memory-server-core 325ms (cache miss)
30 silly packumentCache full:https://registry.npmjs.org/mongodb-memory-server-core set size:undefined disposed:false
31 silly placeDep ROOT mongodb-memory-server-core@11.0.1 OK for: mongodb-memory-server@11.0.1 want: 11.0.1
32 silly placeDep ROOT tslib@2.8.1 OK for: mongodb-memory-server@11.0.1 want: ^2.8.1
33 silly fetch manifest async-mutex@^0.5.0
34 silly packumentCache full:https://registry.npmjs.org/async-mutex cache-miss
35 silly fetch manifest camelcase@^6.3.0
36 silly packumentCache full:https://registry.npmjs.org/camelcase cache-miss
37 silly fetch manifest find-cache-dir@^3.3.2
38 silly packumentCache full:https://registry.npmjs.org/find-cache-dir cache-miss
39 silly fetch manifest follow-redirects@^1.15.11
40 silly packumentCache full:https://registry.npmjs.org/follow-redirects cache-miss
41 silly fetch manifest https-proxy-agent@^7.0.6
42 silly packumentCache full:https://registry.npmjs.org/https-proxy-agent cache-miss
43 silly fetch manifest mongodb@^7.0.0
44 silly packumentCache full:https://registry.npmjs.org/mongodb cache-miss
45 silly fetch manifest new-find-package-json@^2.0.0
46 silly packumentCache full:https://registry.npmjs.org/new-find-package-json cache-miss
47 silly fetch manifest semver@^7.7.3
48 silly packumentCache full:https://registry.npmjs.org/semver cache-miss
49 silly fetch manifest tar-stream@^3.1.7
50 silly packumentCache full:https://registry.npmjs.org/tar-stream cache-miss
51 silly fetch manifest yauzl@^3.2.0
52 silly packumentCache full:https://registry.npmjs.org/yauzl cache-miss
53 http fetch GET 200 https://registry.npmjs.org/async-mutex 82ms (cache miss)
54 silly packumentCache full:https://registry.npmjs.org/async-mutex set size:undefined disposed:false
55 http fetch GET 200 https://registry.npmjs.org/camelcase 294ms (cache miss)
56 silly packumentCache full:https://registry.npmjs.org/camelcase set size:undefined disposed:false
57 http fetch GET 200 https://registry.npmjs.org/https-proxy-agent 772ms (cache miss)
58 silly packumentCache full:https://registry.npmjs.org/https-proxy-agent set size:undefined disposed:false
59 http fetch GET 200 https://registry.npmjs.org/yauzl 820ms (cache miss)
60 silly packumentCache full:https://registry.npmjs.org/yauzl set size:undefined disposed:false
61 http fetch GET 200 https://registry.npmjs.org/semver 862ms (cache miss)
62 silly packumentCache full:https://registry.npmjs.org/semver set size:undefined disposed:false
63 http fetch GET 200 https://registry.npmjs.org/find-cache-dir 990ms (cache miss)
64 silly packumentCache full:https://registry.npmjs.org/find-cache-dir set size:undefined disposed:false
65 http fetch GET 200 https://registry.npmjs.org/mongodb 1103ms (cache miss)
66 silly packumentCache full:https://registry.npmjs.org/mongodb set size:undefined disposed:false
67 http fetch GET 200 https://registry.npmjs.org/follow-redirects 1360ms (cache miss)
68 silly packumentCache full:https://registry.npmjs.org/follow-redirects set size:undefined disposed:false
69 http fetch GET 200 https://registry.npmjs.org/new-find-package-json 1416ms (cache miss)
70 silly packumentCache full:https://registry.npmjs.org/new-find-package-json set size:undefined disposed:false
71 http fetch GET 200 https://registry.npmjs.org/tar-stream 1779ms (cache miss)
72 silly packumentCache full:https://registry.npmjs.org/tar-stream set size:undefined disposed:false
73 silly fetch manifest @aws-sdk/credential-providers@^3.806.0
74 silly packumentCache full:https://registry.npmjs.org/@aws-sdk%2fcredential-providers cache-miss
75 http fetch GET 200 https://registry.npmjs.org/@aws-sdk%2fcredential-providers 574ms (cache miss)
76 silly packumentCache full:https://registry.npmjs.org/@aws-sdk%2fcredential-providers set size:undefined disposed:false
77 silly fetch manifest @mongodb-js/zstd@^7.0.0
78 silly packumentCache full:https://registry.npmjs.org/@mongodb-js%2fzstd cache-miss
79 http fetch GET 200 https://registry.npmjs.org/@mongodb-js%2fzstd 116ms (cache miss)
80 silly packumentCache full:https://registry.npmjs.org/@mongodb-js%2fzstd set size:undefined disposed:false
81 silly fetch manifest gcp-metadata@^7.0.1
82 silly packumentCache full:https://registry.npmjs.org/gcp-metadata cache-miss
83 http fetch GET 200 https://registry.npmjs.org/gcp-metadata 88ms (cache miss)
84 silly packumentCache full:https://registry.npmjs.org/gcp-metadata set size:undefined disposed:false
85 silly fetch manifest kerberos@^7.0.0
86 silly packumentCache full:https://registry.npmjs.org/kerberos cache-miss
87 http fetch GET 200 https://registry.npmjs.org/kerberos 89ms (cache miss)
88 silly packumentCache full:https://registry.npmjs.org/kerberos set size:undefined disposed:false
89 silly fetch manifest mongodb-client-encryption@>=7.0.0 <7.1.0
90 silly packumentCache full:https://registry.npmjs.org/mongodb-client-encryption cache-miss
91 http fetch GET 200 https://registry.npmjs.org/mongodb-client-encryption 311ms (cache miss)
92 silly packumentCache full:https://registry.npmjs.org/mongodb-client-encryption set size:undefined disposed:false
93 silly fetch manifest snappy@^7.3.2
94 silly packumentCache full:https://registry.npmjs.org/snappy cache-miss
95 http fetch GET 200 https://registry.npmjs.org/snappy 322ms (cache miss)
96 silly packumentCache full:https://registry.npmjs.org/snappy set size:undefined disposed:false
97 silly fetch manifest socks@^2.8.6
98 silly packumentCache full:https://registry.npmjs.org/socks cache-miss
99 http fetch GET 200 https://registry.npmjs.org/socks 85ms (cache miss)
100 silly packumentCache full:https://registry.npmjs.org/socks set size:undefined disposed:false
101 silly placeDep ROOT async-mutex@0.5.0 OK for: mongodb-memory-server-core@11.0.1 want: ^0.5.0
102 silly placeDep ROOT camelcase@6.3.0 OK for: mongodb-memory-server-core@11.0.1 want: ^6.3.0
103 silly placeDep ROOT find-cache-dir@3.3.2 OK for: mongodb-memory-server-core@11.0.1 want: ^3.3.2
104 silly placeDep ROOT follow-redirects@1.15.11 OK for: mongodb-memory-server-core@11.0.1 want: ^1.15.11
105 silly placeDep ROOT https-proxy-agent@7.0.6 OK for: mongodb-memory-server-core@11.0.1 want: ^7.0.6
106 silly placeDep node_modules/mongodb-memory-server-core mongodb@7.1.0 OK for: mongodb-memory-server-core@11.0.1 want: ^7.0.0
107 silly placeDep ROOT new-find-package-json@2.0.0 OK for: mongodb-memory-server-core@11.0.1 want: ^2.0.0
108 silly placeDep ROOT semver@7.7.4 REPLACE for: mongodb-memory-server-core@11.0.1 want: ^7.7.3
109 silly placeDep ROOT tar-stream@3.1.8 OK for: mongodb-memory-server-core@11.0.1 want: ^3.1.7
110 silly placeDep ROOT yauzl@3.2.1 OK for: mongodb-memory-server-core@11.0.1 want: ^3.2.0
111 silly fetch manifest pkg-dir@^4.1.0
112 silly packumentCache full:https://registry.npmjs.org/pkg-dir cache-miss
113 silly fetch manifest make-dir@^3.0.2
114 silly packumentCache full:https://registry.npmjs.org/make-dir cache-miss
115 silly fetch manifest commondir@^1.0.1
116 silly packumentCache full:https://registry.npmjs.org/commondir cache-miss
117 silly fetch manifest agent-base@^7.1.2
118 silly packumentCache full:https://registry.npmjs.org/agent-base cache-miss
119 silly fetch manifest bson@^7.1.1
120 silly packumentCache full:https://registry.npmjs.org/bson cache-miss
121 silly fetch manifest mongodb-connection-string-url@^7.0.0
122 silly packumentCache full:https://registry.npmjs.org/mongodb-connection-string-url cache-miss
123 silly fetch manifest b4a@^1.6.4
124 silly packumentCache full:https://registry.npmjs.org/b4a cache-miss
125 silly fetch manifest bare-fs@^4.5.5
126 silly packumentCache full:https://registry.npmjs.org/bare-fs cache-miss
127 silly fetch manifest fast-fifo@^1.2.0
128 silly packumentCache full:https://registry.npmjs.org/fast-fifo cache-miss
129 silly fetch manifest streamx@^2.15.0
130 silly packumentCache full:https://registry.npmjs.org/streamx cache-miss
131 silly fetch manifest buffer-crc32@~0.2.3
132 silly packumentCache full:https://registry.npmjs.org/buffer-crc32 cache-miss
133 http fetch GET 200 https://registry.npmjs.org/pkg-dir 80ms (cache miss)
134 silly packumentCache full:https://registry.npmjs.org/pkg-dir set size:undefined disposed:false
135 silly fetch manifest pend@~1.2.0
136 silly packumentCache full:https://registry.npmjs.org/pend cache-miss
137 http fetch GET 200 https://registry.npmjs.org/commondir 86ms (cache miss)
138 silly packumentCache full:https://registry.npmjs.org/commondir set size:undefined disposed:false
139 http fetch GET 200 https://registry.npmjs.org/agent-base 91ms (cache miss)
140 silly packumentCache full:https://registry.npmjs.org/agent-base set size:undefined disposed:false
141 http fetch GET 200 https://registry.npmjs.org/make-dir 104ms (cache miss)
142 silly packumentCache full:https://registry.npmjs.org/make-dir set size:undefined disposed:false
143 http fetch GET 200 https://registry.npmjs.org/fast-fifo 106ms (cache miss)
144 silly packumentCache full:https://registry.npmjs.org/fast-fifo set size:undefined disposed:false
145 http fetch GET 200 https://registry.npmjs.org/b4a 108ms (cache miss)
146 silly packumentCache full:https://registry.npmjs.org/b4a set size:undefined disposed:false
147 http fetch GET 200 https://registry.npmjs.org/streamx 110ms (cache miss)
148 silly packumentCache full:https://registry.npmjs.org/streamx set size:undefined disposed:false
149 http fetch GET 200 https://registry.npmjs.org/bare-fs 113ms (cache miss)
150 silly packumentCache full:https://registry.npmjs.org/bare-fs set size:undefined disposed:false
151 http fetch GET 200 https://registry.npmjs.org/bson 139ms (cache miss)
152 silly packumentCache full:https://registry.npmjs.org/bson set size:undefined disposed:false
153 http fetch GET 200 https://registry.npmjs.org/pend 73ms (cache miss)
154 silly packumentCache full:https://registry.npmjs.org/pend set size:undefined disposed:false
155 http fetch GET 200 https://registry.npmjs.org/mongodb-connection-string-url 269ms (cache miss)
156 silly packumentCache full:https://registry.npmjs.org/mongodb-connection-string-url set size:undefined disposed:false
157 http fetch GET 200 https://registry.npmjs.org/buffer-crc32 721ms (cache miss)
158 silly packumentCache full:https://registry.npmjs.org/buffer-crc32 set size:undefined disposed:false
159 silly placeDep ROOT commondir@1.0.1 OK for: find-cache-dir@3.3.2 want: ^1.0.1
160 silly placeDep ROOT make-dir@3.1.0 OK for: find-cache-dir@3.3.2 want: ^3.0.2
161 silly placeDep ROOT pkg-dir@4.2.0 OK for: find-cache-dir@3.3.2 want: ^4.1.0
162 silly fetch manifest semver@^6.0.0
163 silly packumentCache full:https://registry.npmjs.org/semver cache-miss
164 silly fetch manifest find-up@^4.0.0
165 silly packumentCache full:https://registry.npmjs.org/find-up cache-miss
166 http cache https://registry.npmjs.org/semver 13ms (cache hit)
167 silly packumentCache full:https://registry.npmjs.org/semver set size:229678 disposed:false
168 http fetch GET 200 https://registry.npmjs.org/find-up 70ms (cache miss)
169 silly packumentCache full:https://registry.npmjs.org/find-up set size:undefined disposed:false
170 silly placeDep ROOT agent-base@7.1.4 OK for: https-proxy-agent@7.0.6 want: ^7.1.2
171 silly placeDep node_modules/make-dir semver@6.3.1 OK for: make-dir@3.1.0 want: ^6.0.0
172 silly placeDep ROOT find-up@4.1.0 OK for: pkg-dir@4.2.0 want: ^4.0.0
173 silly fetch manifest locate-path@^5.0.0
174 silly packumentCache full:https://registry.npmjs.org/locate-path cache-miss
175 silly fetch manifest path-exists@^4.0.0
176 silly packumentCache full:https://registry.npmjs.org/path-exists cache-miss
177 http fetch GET 200 https://registry.npmjs.org/locate-path 74ms (cache miss)
178 silly packumentCache full:https://registry.npmjs.org/locate-path set size:undefined disposed:false
179 http fetch GET 200 https://registry.npmjs.org/path-exists 273ms (cache miss)
180 silly packumentCache full:https://registry.npmjs.org/path-exists set size:undefined disposed:false
181 silly placeDep ROOT locate-path@5.0.0 OK for: find-up@4.1.0 want: ^5.0.0
182 silly placeDep ROOT path-exists@4.0.0 OK for: find-up@4.1.0 want: ^4.0.0
183 silly fetch manifest p-locate@^4.1.0
184 silly packumentCache full:https://registry.npmjs.org/p-locate cache-miss
185 http fetch GET 200 https://registry.npmjs.org/p-locate 69ms (cache miss)
186 silly packumentCache full:https://registry.npmjs.org/p-locate set size:undefined disposed:false
187 silly placeDep ROOT p-locate@4.1.0 OK for: locate-path@5.0.0 want: ^4.1.0
188 silly fetch manifest p-limit@^2.2.0
189 silly packumentCache full:https://registry.npmjs.org/p-limit cache-miss
190 http fetch GET 200 https://registry.npmjs.org/p-limit 69ms (cache miss)
191 silly packumentCache full:https://registry.npmjs.org/p-limit set size:undefined disposed:false
192 silly placeDep ROOT p-limit@2.3.0 OK for: p-locate@4.1.0 want: ^2.2.0
193 silly fetch manifest p-try@^2.0.0
194 silly packumentCache full:https://registry.npmjs.org/p-try cache-miss
195 http fetch GET 200 https://registry.npmjs.org/p-try 88ms (cache miss)
196 silly packumentCache full:https://registry.npmjs.org/p-try set size:undefined disposed:false
197 silly placeDep ROOT p-try@2.2.0 OK for: p-limit@2.3.0 want: ^2.0.0
198 silly fetch manifest react-native-b4a@*
199 silly packumentCache full:https://registry.npmjs.org/react-native-b4a cache-miss
200 http fetch GET 200 https://registry.npmjs.org/react-native-b4a 80ms (cache miss)
201 silly packumentCache full:https://registry.npmjs.org/react-native-b4a set size:undefined disposed:false
202 silly fetch manifest react@*
203 silly packumentCache full:https://registry.npmjs.org/react cache-miss
204 http fetch GET 200 https://registry.npmjs.org/react 354ms (cache miss)
205 silly packumentCache full:https://registry.npmjs.org/react set size:undefined disposed:false
206 silly fetch manifest react-native@*
207 silly packumentCache full:https://registry.npmjs.org/react-native cache-miss
208 http fetch GET 200 https://registry.npmjs.org/react-native 367ms (cache miss)
209 silly packumentCache full:https://registry.npmjs.org/react-native set size:undefined disposed:false
210 silly fetch manifest @types/react@^19.1.1
211 silly packumentCache full:https://registry.npmjs.org/@types%2freact cache-miss
212 http fetch GET 200 https://registry.npmjs.org/@types%2freact 213ms (cache miss)
213 silly packumentCache full:https://registry.npmjs.org/@types%2freact set size:undefined disposed:false
214 silly fetch manifest bare-buffer@*
215 silly packumentCache full:https://registry.npmjs.org/bare-buffer cache-miss
216 http fetch GET 200 https://registry.npmjs.org/bare-buffer 72ms (cache miss)
217 silly packumentCache full:https://registry.npmjs.org/bare-buffer set size:undefined disposed:false
218 silly placeDep ROOT b4a@1.8.0 OK for: tar-stream@3.1.8 want: ^1.6.4
219 silly placeDep ROOT bare-fs@4.5.5 OK for: tar-stream@3.1.8 want: ^4.5.5
220 silly placeDep ROOT fast-fifo@1.3.2 OK for: tar-stream@3.1.8 want: ^1.2.0
221 silly placeDep ROOT streamx@2.23.0 OK for: tar-stream@3.1.8 want: ^2.15.0
222 silly fetch manifest bare-events@^2.5.4
223 silly packumentCache full:https://registry.npmjs.org/bare-events cache-miss
224 silly fetch manifest bare-path@^3.0.0
225 silly packumentCache full:https://registry.npmjs.org/bare-path cache-miss
226 silly fetch manifest bare-stream@^2.6.4
227 silly packumentCache full:https://registry.npmjs.org/bare-stream cache-miss
228 silly fetch manifest bare-url@^2.2.2
229 silly packumentCache full:https://registry.npmjs.org/bare-url cache-miss
230 silly fetch manifest fast-fifo@^1.3.2
231 silly packumentCache full:https://registry.npmjs.org/fast-fifo cache-miss
232 silly fetch manifest events-universal@^1.0.0
233 silly packumentCache full:https://registry.npmjs.org/events-universal cache-miss
234 silly fetch manifest text-decoder@^1.1.0
235 silly packumentCache full:https://registry.npmjs.org/text-decoder cache-miss
236 http cache https://registry.npmjs.org/fast-fifo 18ms (cache hit)
237 silly packumentCache full:https://registry.npmjs.org/fast-fifo set size:13855 disposed:false
238 http fetch GET 200 https://registry.npmjs.org/bare-events 87ms (cache miss)
239 silly packumentCache full:https://registry.npmjs.org/bare-events set size:undefined disposed:false
240 http fetch GET 200 https://registry.npmjs.org/bare-stream 88ms (cache miss)
241 silly packumentCache full:https://registry.npmjs.org/bare-stream set size:undefined disposed:false
242 http fetch GET 200 https://registry.npmjs.org/events-universal 88ms (cache miss)
243 silly packumentCache full:https://registry.npmjs.org/events-universal set size:undefined disposed:false
244 http fetch GET 200 https://registry.npmjs.org/bare-url 91ms (cache miss)
245 silly packumentCache full:https://registry.npmjs.org/bare-url set size:undefined disposed:false
246 http fetch GET 200 https://registry.npmjs.org/bare-path 95ms (cache miss)
247 silly packumentCache full:https://registry.npmjs.org/bare-path set size:undefined disposed:false
248 http fetch GET 200 https://registry.npmjs.org/text-decoder 97ms (cache miss)
249 silly packumentCache full:https://registry.npmjs.org/text-decoder set size:undefined disposed:false
250 silly fetch manifest bare-abort-controller@*
251 silly packumentCache full:https://registry.npmjs.org/bare-abort-controller cache-miss
252 http fetch GET 200 https://registry.npmjs.org/bare-abort-controller 94ms (cache miss)
253 silly packumentCache full:https://registry.npmjs.org/bare-abort-controller set size:undefined disposed:false
254 silly placeDep ROOT bare-events@2.8.2 OK for: bare-fs@4.5.5 want: ^2.5.4
255 silly placeDep ROOT bare-path@3.0.0 OK for: bare-fs@4.5.5 want: ^3.0.0
256 silly placeDep ROOT bare-stream@2.8.1 OK for: bare-fs@4.5.5 want: ^2.6.4
257 silly placeDep ROOT bare-url@2.3.2 OK for: bare-fs@4.5.5 want: ^2.2.2
258 silly fetch manifest bare-os@^3.0.1
259 silly packumentCache full:https://registry.npmjs.org/bare-os cache-miss
260 silly fetch manifest teex@^1.0.1
261 silly packumentCache full:https://registry.npmjs.org/teex cache-miss
262 http fetch GET 200 https://registry.npmjs.org/teex 73ms (cache miss)
263 silly packumentCache full:https://registry.npmjs.org/teex set size:undefined disposed:false
264 http fetch GET 200 https://registry.npmjs.org/bare-os 90ms (cache miss)
265 silly packumentCache full:https://registry.npmjs.org/bare-os set size:undefined disposed:false
266 silly placeDep ROOT bare-os@3.8.0 OK for: bare-path@3.0.0 want: ^3.0.1
267 silly placeDep ROOT teex@1.0.1 OK for: bare-stream@2.8.1 want: ^1.0.1
268 silly placeDep ROOT events-universal@1.0.1 OK for: streamx@2.23.0 want: ^1.0.0
269 silly placeDep ROOT text-decoder@1.2.7 OK for: streamx@2.23.0 want: ^1.1.0
270 silly placeDep ROOT buffer-crc32@0.2.13 OK for: yauzl@3.2.1 want: ~0.2.3
271 silly placeDep ROOT pend@1.2.0 OK for: yauzl@3.2.1 want: ~1.2.0
272 silly placeDep node_modules/mongodb-memory-server-core bson@7.2.0 OK for: mongodb@7.1.0 want: ^7.1.1
273 silly placeDep node_modules/mongodb-memory-server-core mongodb-connection-string-url@7.0.1 OK for: mongodb@7.1.0 want: ^7.0.0
274 silly fetch manifest @types/whatwg-url@^13.0.0
275 silly packumentCache full:https://registry.npmjs.org/@types%2fwhatwg-url cache-miss
276 http fetch GET 200 https://registry.npmjs.org/@types%2fwhatwg-url 851ms (cache miss)
277 silly packumentCache full:https://registry.npmjs.org/@types%2fwhatwg-url set size:undefined disposed:false
278 silly placeDep node_modules/mongodb-memory-server-core @types/whatwg-url@13.0.0 OK for: mongodb-connection-string-url@7.0.1 want: ^13.0.0
279 silly reify mark retired [
279 silly reify   'C:\\Users\\n1j\\Desktop\\BookStoreAppMERN-main\\node_modules\\semver',
279 silly reify   'C:\\Users\\n1j\\Desktop\\BookStoreAppMERN-main\\node_modules\\.bin\\semver',
279 silly reify   'C:\\Users\\n1j\\Desktop\\BookStoreAppMERN-main\\node_modules\\.bin\\semver.cmd',
279 silly reify   'C:\\Users\\n1j\\Desktop\\BookStoreAppMERN-main\\node_modules\\.bin\\semver.ps1'
279 silly reify ]
280 silly reify moves {
280 silly reify   'C:\\Users\\n1j\\Desktop\\BookStoreAppMERN-main\\node_modules\\semver': 'C:\\Users\\n1j\\Desktop\\BookStoreAppMERN-main\\node_modules\\.semver-gb4YcrYY',
280 silly reify   'C:\\Users\\n1j\\Desktop\\BookStoreAppMERN-main\\node_modules\\.bin\\semver': 'C:\\Users\\n1j\\Desktop\\BookStoreAppMERN-main\\node_modules\\.bin\\.semver-InDGw18q',
280 silly reify   'C:\\Users\\n1j\\Desktop\\BookStoreAppMERN-main\\node_modules\\.bin\\semver.cmd': 'C:\\Users\\n1j\\Desktop\\BookStoreAppMERN-main\\node_modules\\.bin\\.semver.cmd-ZdUFgFG1',
280 silly reify   'C:\\Users\\n1j\\Desktop\\BookStoreAppMERN-main\\node_modules\\.bin\\semver.ps1': 'C:\\Users\\n1j\\Desktop\\BookStoreAppMERN-main\\node_modules\\.bin\\.semver.ps1-AqGtETvq'
280 silly reify }
281 silly audit bulk request {
281 silly audit   '@mongodb-js/saslprep': [ '1.3.0' ],
281 silly audit   '@types/webidl-conversions': [ '7.0.3' ],
281 silly audit   '@types/whatwg-url': [ '11.0.5', '13.0.0' ],
281 silly audit   accepts: [ '2.0.0' ],
281 silly audit   anymatch: [ '3.1.3' ],
281 silly audit   'append-field': [ '1.0.0' ],
281 silly audit   'balanced-match': [ '4.0.4' ],
281 silly audit   bcrypt: [ '6.0.0' ],
281 silly audit   'binary-extensions': [ '2.3.0' ],
281 silly audit   'body-parser': [ '2.2.2' ],
281 silly audit   'brace-expansion': [ '5.0.4' ],
281 silly audit   braces: [ '3.0.3' ],
281 silly audit   bson: [ '6.10.4', '7.2.0' ],
281 silly audit   'buffer-equal-constant-time': [ '1.0.1' ],
281 silly audit   'buffer-from': [ '1.1.2' ],
281 silly audit   busboy: [ '1.6.0' ],
281 silly audit   bytes: [ '3.1.2' ],
281 silly audit   'call-bind-apply-helpers': [ '1.0.2' ],
281 silly audit   'call-bound': [ '1.0.4' ],
281 silly audit   chokidar: [ '3.6.0' ],
281 silly audit   'concat-stream': [ '2.0.0' ],
281 silly audit   'content-disposition': [ '1.0.0' ],
281 silly audit   'content-type': [ '1.0.5' ],
281 silly audit   cookie: [ '0.7.2' ],
281 silly audit   'cookie-parser': [ '1.4.7' ],
281 silly audit   'cookie-signature': [ '1.0.6', '1.2.2' ],
281 silly audit   cors: [ '2.8.6' ],
281 silly audit   debug: [ '4.4.3' ],
281 silly audit   depd: [ '2.0.0' ],
281 silly audit   dotenv: [ '17.2.2' ],
281 silly audit   'dunder-proto': [ '1.0.1' ],
281 silly audit   'ecdsa-sig-formatter': [ '1.0.11' ],
281 silly audit   'ee-first': [ '1.1.1' ],
281 silly audit   encodeurl: [ '2.0.0' ],
281 silly audit   'es-define-property': [ '1.0.1' ],
281 silly audit   'es-errors': [ '1.3.0' ],
281 silly audit   'es-object-atoms': [ '1.1.1' ],
281 silly audit   'escape-html': [ '1.0.3' ],
281 silly audit   etag: [ '1.8.1' ],
281 silly audit   express: [ '5.2.1' ],
281 silly audit   'fill-range': [ '7.1.1' ],
281 silly audit   finalhandler: [ '2.1.0' ],
281 silly audit   forwarded: [ '0.2.0' ],
281 silly audit   fresh: [ '2.0.0' ],
281 silly audit   fsevents: [ '2.3.3' ],
281 silly audit   'function-bind': [ '1.1.2' ],
281 silly audit   'get-intrinsic': [ '1.3.0' ],
281 silly audit   'get-proto': [ '1.0.1' ],
281 silly audit   'glob-parent': [ '5.1.2' ],
281 silly audit   gopd: [ '1.2.0' ],
281 silly audit   'has-flag': [ '3.0.0' ],
281 silly audit   'has-symbols': [ '1.1.0' ],
281 silly audit   hasown: [ '2.0.2' ],
281 silly audit   'http-errors': [ '2.0.1' ],
281 silly audit   'iconv-lite': [ '0.7.2' ],
281 silly audit   'ignore-by-default': [ '1.0.1' ],
281 silly audit   inherits: [ '2.0.4' ],
281 silly audit   'ipaddr.js': [ '1.9.1' ],
281 silly audit   'is-binary-path': [ '2.1.0' ],
281 silly audit   'is-extglob': [ '2.1.1' ],
281 silly audit   'is-glob': [ '4.0.3' ],
281 silly audit   'is-number': [ '7.0.0' ],
281 silly audit   'is-promise': [ '4.0.0' ],
281 silly audit   jsonwebtoken: [ '9.0.2' ],
281 silly audit   jwa: [ '1.4.2' ],
281 silly audit   jws: [ '3.2.2' ],
281 silly audit   kareem: [ '2.6.3' ],
281 silly audit   'lodash.includes': [ '4.3.0' ],
281 silly audit   'lodash.isboolean': [ '3.0.3' ],
281 silly audit   'lodash.isinteger': [ '4.0.4' ],
281 silly audit   'lodash.isnumber': [ '3.0.3' ],
281 silly audit   'lodash.isplainobject': [ '4.0.6' ],
281 silly audit   'lodash.isstring': [ '4.0.1' ],
281 silly audit   'lodash.once': [ '4.1.1' ],
281 silly audit   'math-intrinsics': [ '1.1.0' ],
281 silly audit   'media-typer': [ '1.1.0', '0.3.0' ],
281 silly audit   'memory-pager': [ '1.5.0' ],
281 silly audit   'merge-descriptors': [ '2.0.0' ],
281 silly audit   'mime-db': [ '1.54.0', '1.52.0' ],
281 silly audit   'mime-types': [ '3.0.1', '2.1.35' ],
281 silly audit   minimatch: [ '10.2.4' ],
281 silly audit   minimist: [ '1.2.8' ],
281 silly audit   mkdirp: [ '0.5.6' ],
281 silly audit   mongodb: [ '6.18.0', '7.1.0' ],
281 silly audit   'mongodb-connection-string-url': [ '3.0.2', '7.0.1' ],
281 silly audit   mongoose: [ '8.18.0' ],
281 silly audit   mpath: [ '0.9.0' ],
281 silly audit   mquery: [ '5.0.0' ],
281 silly audit   ms: [ '2.1.3' ],
281 silly audit   multer: [ '2.0.2' ],
281 silly audit   'type-is': [ '1.6.18', '2.0.1' ],
281 silly audit   negotiator: [ '1.0.0' ],
281 silly audit   'node-addon-api': [ '8.5.0' ],
281 silly audit   'node-gyp-build': [ '4.8.4' ],
281 silly audit   nodemon: [ '3.1.14' ],
281 silly audit   'normalize-path': [ '3.0.0' ],
281 silly audit   'object-assign': [ '4.1.1' ],
281 silly audit   'object-inspect': [ '1.13.4' ],
281 silly audit   'on-finished': [ '2.4.1' ],
281 silly audit   once: [ '1.4.0' ],
281 silly audit   parseurl: [ '1.3.3' ],
281 silly audit   'path-to-regexp': [ '8.3.0' ],
281 silly audit   picomatch: [ '2.3.1' ],
281 silly audit   'proxy-addr': [ '2.0.7' ],
281 silly audit   'pstree.remy': [ '1.1.8' ],
281 silly audit   punycode: [ '2.3.1' ],
281 silly audit   qs: [ '6.15.0' ],
281 silly audit   'range-parser': [ '1.2.1' ],
281 silly audit   'raw-body': [ '3.0.2' ],
281 silly audit   'readable-stream': [ '3.6.2' ],
281 silly audit   readdirp: [ '3.6.0' ],
281 silly audit   router: [ '2.2.0' ],
281 silly audit   'safe-buffer': [ '5.2.1' ],
281 silly audit   'safer-buffer': [ '2.1.2' ],
281 silly audit   send: [ '1.2.0' ],
281 silly audit   'serve-static': [ '2.2.0' ],
281 silly audit   setprototypeof: [ '1.2.0' ],
281 silly audit   'side-channel': [ '1.1.0' ],
281 silly audit   'side-channel-list': [ '1.0.0' ],
281 silly audit   'side-channel-map': [ '1.0.1' ],
281 silly audit   'side-channel-weakmap': [ '1.0.2' ],
281 silly audit   sift: [ '17.1.3' ],
281 silly audit   'simple-update-notifier': [ '2.0.0' ],
281 silly audit   'sparse-bitfield': [ '3.0.3' ],
281 silly audit   statuses: [ '2.0.2' ],
281 silly audit   streamsearch: [ '1.1.0' ],
281 silly audit   string_decoder: [ '1.3.0' ],
281 silly audit   'supports-color': [ '5.5.0' ],
281 silly audit   'to-regex-range': [ '5.0.1' ],
281 silly audit   toidentifier: [ '1.0.1' ],
281 silly audit   touch: [ '3.1.1' ],
281 silly audit   tr46: [ '5.1.1' ],
281 silly audit   typedarray: [ '0.0.6' ],
281 silly audit   undefsafe: [ '2.0.5' ],
281 silly audit   unpipe: [ '1.0.0' ],
281 silly audit   'util-deprecate': [ '1.0.2' ],
281 silly audit   vary: [ '1.1.2' ],
281 silly audit   'webidl-conversions': [ '7.0.0' ],
281 silly audit   'whatwg-url': [ '14.2.0' ],
281 silly audit   wrappy: [ '1.0.2' ],
281 silly audit   xtend: [ '4.0.2' ],
281 silly audit   'mongodb-memory-server': [ '11.0.1' ],
281 silly audit   'mongodb-memory-server-core': [ '11.0.1' ],
281 silly audit   tslib: [ '2.8.1' ],
281 silly audit   'async-mutex': [ '0.5.0' ],
281 silly audit   camelcase: [ '6.3.0' ],
281 silly audit   'find-cache-dir': [ '3.3.2' ],
281 silly audit   'follow-redirects': [ '1.15.11' ],
281 silly audit   'https-proxy-agent': [ '7.0.6' ],
281 silly audit   'new-find-package-json': [ '2.0.0' ],
281 silly audit   semver: [ '7.7.4', '6.3.1' ],
281 silly audit   'tar-stream': [ '3.1.8' ],
281 silly audit   yauzl: [ '3.2.1' ],
281 silly audit   commondir: [ '1.0.1' ],
281 silly audit   'make-dir': [ '3.1.0' ],
281 silly audit   'pkg-dir': [ '4.2.0' ],
281 silly audit   'agent-base': [ '7.1.4' ],
281 silly audit   'find-up': [ '4.1.0' ],
281 silly audit   'locate-path': [ '5.0.0' ],
281 silly audit   'path-exists': [ '4.0.0' ],
281 silly audit   'p-locate': [ '4.1.0' ],
281 silly audit   'p-limit': [ '2.3.0' ],
281 silly audit   'p-try': [ '2.2.0' ],
281 silly audit   b4a: [ '1.8.0' ],
281 silly audit   'bare-fs': [ '4.5.5' ],
281 silly audit   'fast-fifo': [ '1.3.2' ],
281 silly audit   streamx: [ '2.23.0' ],
281 silly audit   'bare-events': [ '2.8.2' ],
281 silly audit   'bare-path': [ '3.0.0' ],
281 silly audit   'bare-stream': [ '2.8.1' ],
281 silly audit   'bare-url': [ '2.3.2' ],
281 silly audit   'bare-os': [ '3.8.0' ],
281 silly audit   teex: [ '1.0.1' ],
281 silly audit   'events-universal': [ '1.0.1' ],
281 silly audit   'text-decoder': [ '1.2.7' ],
281 silly audit   'buffer-crc32': [ '0.2.13' ],
281 silly audit   pend: [ '1.2.0' ]
281 silly audit }
282 http cache pend@https://registry.npmjs.org/pend/-/pend-1.2.0.tgz 0ms (cache hit)
283 http cache buffer-crc32@https://registry.npmjs.org/buffer-crc32/-/buffer-crc32-0.2.13.tgz 0ms (cache hit)
284 http cache text-decoder@https://registry.npmjs.org/text-decoder/-/text-decoder-1.2.7.tgz 0ms (cache hit)
285 http cache events-universal@https://registry.npmjs.org/events-universal/-/events-universal-1.0.1.tgz 0ms (cache hit)
286 http cache bare-stream@https://registry.npmjs.org/bare-stream/-/bare-stream-2.8.1.tgz 0ms (cache hit)
287 http cache teex@https://registry.npmjs.org/teex/-/teex-1.0.1.tgz 1ms (cache hit)
288 http cache bare-os@https://registry.npmjs.org/bare-os/-/bare-os-3.8.0.tgz 0ms (cache hit)
289 http cache bare-path@https://registry.npmjs.org/bare-path/-/bare-path-3.0.0.tgz 0ms (cache hit)
290 http cache bare-url@https://registry.npmjs.org/bare-url/-/bare-url-2.3.2.tgz 0ms (cache hit)
291 http cache fast-fifo@https://registry.npmjs.org/fast-fifo/-/fast-fifo-1.3.2.tgz 0ms (cache hit)
292 http cache bare-events@https://registry.npmjs.org/bare-events/-/bare-events-2.8.2.tgz 0ms (cache hit)
293 http cache streamx@https://registry.npmjs.org/streamx/-/streamx-2.23.0.tgz 0ms (cache hit)
294 http cache bare-fs@https://registry.npmjs.org/bare-fs/-/bare-fs-4.5.5.tgz 0ms (cache hit)
295 http cache b4a@https://registry.npmjs.org/b4a/-/b4a-1.8.0.tgz 0ms (cache hit)
296 http cache p-limit@https://registry.npmjs.org/p-limit/-/p-limit-2.3.0.tgz 0ms (cache hit)
297 http cache locate-path@https://registry.npmjs.org/locate-path/-/locate-path-5.0.0.tgz 0ms (cache hit)
298 http cache p-try@https://registry.npmjs.org/p-try/-/p-try-2.2.0.tgz 0ms (cache hit)
299 http cache find-up@https://registry.npmjs.org/find-up/-/find-up-4.1.0.tgz 0ms (cache hit)
300 http cache p-locate@https://registry.npmjs.org/p-locate/-/p-locate-4.1.0.tgz 0ms (cache hit)
301 http cache path-exists@https://registry.npmjs.org/path-exists/-/path-exists-4.0.0.tgz 0ms (cache hit)
302 http cache pkg-dir@https://registry.npmjs.org/pkg-dir/-/pkg-dir-4.2.0.tgz 0ms (cache hit)
303 http cache agent-base@https://registry.npmjs.org/agent-base/-/agent-base-7.1.4.tgz 0ms (cache hit)
304 http cache make-dir@https://registry.npmjs.org/make-dir/-/make-dir-3.1.0.tgz 0ms (cache hit)
305 http cache commondir@https://registry.npmjs.org/commondir/-/commondir-1.0.1.tgz 0ms (cache hit)
306 http cache yauzl@https://registry.npmjs.org/yauzl/-/yauzl-3.2.1.tgz 0ms (cache hit)
307 http cache new-find-package-json@https://registry.npmjs.org/new-find-package-json/-/new-find-package-json-2.0.0.tgz 0ms (cache hit)
308 http cache tar-stream@https://registry.npmjs.org/tar-stream/-/tar-stream-3.1.8.tgz 0ms (cache hit)
309 http cache https-proxy-agent@https://registry.npmjs.org/https-proxy-agent/-/https-proxy-agent-7.0.6.tgz 0ms (cache hit)
310 http cache find-cache-dir@https://registry.npmjs.org/find-cache-dir/-/find-cache-dir-3.3.2.tgz 0ms (cache hit)
311 http cache follow-redirects@https://registry.npmjs.org/follow-redirects/-/follow-redirects-1.15.11.tgz 0ms (cache hit)
312 http cache tslib@https://registry.npmjs.org/tslib/-/tslib-2.8.1.tgz 0ms (cache hit)
313 http cache camelcase@https://registry.npmjs.org/camelcase/-/camelcase-6.3.0.tgz 0ms (cache hit)
314 http cache semver@https://registry.npmjs.org/semver/-/semver-6.3.1.tgz 0ms (cache hit)
315 http cache async-mutex@https://registry.npmjs.org/async-mutex/-/async-mutex-0.5.0.tgz 0ms (cache hit)
316 http cache mongodb-memory-server-core@https://registry.npmjs.org/mongodb-memory-server-core/-/mongodb-memory-server-core-11.0.1.tgz 0ms (cache hit)
317 http cache mongodb-memory-server@https://registry.npmjs.org/mongodb-memory-server/-/mongodb-memory-server-11.0.1.tgz 0ms (cache hit)
318 http cache semver@https://registry.npmjs.org/semver/-/semver-7.7.4.tgz 0ms (cache hit)
319 http cache @types/whatwg-url@https://registry.npmjs.org/@types/whatwg-url/-/whatwg-url-13.0.0.tgz 0ms (cache hit)
320 silly tarball no local data for pend@https://registry.npmjs.org/pend/-/pend-1.2.0.tgz. Extracting by manifest.
321 http cache mongodb-connection-string-url@https://registry.npmjs.org/mongodb-connection-string-url/-/mongodb-connection-string-url-7.0.1.tgz 0ms (cache hit)
322 http cache bson@https://registry.npmjs.org/bson/-/bson-7.2.0.tgz 0ms (cache hit)
323 http cache mongodb@https://registry.npmjs.org/mongodb/-/mongodb-7.1.0.tgz 0ms (cache hit)
324 silly tarball no local data for buffer-crc32@https://registry.npmjs.org/buffer-crc32/-/buffer-crc32-0.2.13.tgz. Extracting by manifest.
325 silly tarball no local data for text-decoder@https://registry.npmjs.org/text-decoder/-/text-decoder-1.2.7.tgz. Extracting by manifest.
326 silly tarball no local data for events-universal@https://registry.npmjs.org/events-universal/-/events-universal-1.0.1.tgz. Extracting by manifest.
327 silly tarball no local data for bare-stream@https://registry.npmjs.org/bare-stream/-/bare-stream-2.8.1.tgz. Extracting by manifest.
328 silly tarball no local data for teex@https://registry.npmjs.org/teex/-/teex-1.0.1.tgz. Extracting by manifest.
329 silly tarball no local data for bare-os@https://registry.npmjs.org/bare-os/-/bare-os-3.8.0.tgz. Extracting by manifest.
330 silly tarball no local data for bare-path@https://registry.npmjs.org/bare-path/-/bare-path-3.0.0.tgz. Extracting by manifest.
331 silly tarball no local data for bare-url@https://registry.npmjs.org/bare-url/-/bare-url-2.3.2.tgz. Extracting by manifest.
332 silly tarball no local data for fast-fifo@https://registry.npmjs.org/fast-fifo/-/fast-fifo-1.3.2.tgz. Extracting by manifest.
333 silly tarball no local data for bare-events@https://registry.npmjs.org/bare-events/-/bare-events-2.8.2.tgz. Extracting by manifest.
334 silly tarball no local data for streamx@https://registry.npmjs.org/streamx/-/streamx-2.23.0.tgz. Extracting by manifest.
335 silly tarball no local data for bare-fs@https://registry.npmjs.org/bare-fs/-/bare-fs-4.5.5.tgz. Extracting by manifest.
336 silly tarball no local data for b4a@https://registry.npmjs.org/b4a/-/b4a-1.8.0.tgz. Extracting by manifest.
337 silly tarball no local data for p-limit@https://registry.npmjs.org/p-limit/-/p-limit-2.3.0.tgz. Extracting by manifest.
338 silly tarball no local data for locate-path@https://registry.npmjs.org/locate-path/-/locate-path-5.0.0.tgz. Extracting by manifest.
339 silly tarball no local data for p-try@https://registry.npmjs.org/p-try/-/p-try-2.2.0.tgz. Extracting by manifest.
340 silly tarball no local data for find-up@https://registry.npmjs.org/find-up/-/find-up-4.1.0.tgz. Extracting by manifest.
341 silly tarball no local data for p-locate@https://registry.npmjs.org/p-locate/-/p-locate-4.1.0.tgz. Extracting by manifest.
342 silly tarball no local data for path-exists@https://registry.npmjs.org/path-exists/-/path-exists-4.0.0.tgz. Extracting by manifest.
343 silly tarball no local data for pkg-dir@https://registry.npmjs.org/pkg-dir/-/pkg-dir-4.2.0.tgz. Extracting by manifest.
344 silly tarball no local data for agent-base@https://registry.npmjs.org/agent-base/-/agent-base-7.1.4.tgz. Extracting by manifest.
345 silly tarball no local data for make-dir@https://registry.npmjs.org/make-dir/-/make-dir-3.1.0.tgz. Extracting by manifest.
346 silly tarball no local data for commondir@https://registry.npmjs.org/commondir/-/commondir-1.0.1.tgz. Extracting by manifest.
347 silly tarball no local data for yauzl@https://registry.npmjs.org/yauzl/-/yauzl-3.2.1.tgz. Extracting by manifest.
348 silly tarball no local data for new-find-package-json@https://registry.npmjs.org/new-find-package-json/-/new-find-package-json-2.0.0.tgz. Extracting by manifest.
349 silly tarball no local data for tar-stream@https://registry.npmjs.org/tar-stream/-/tar-stream-3.1.8.tgz. Extracting by manifest.
350 silly tarball no local data for https-proxy-agent@https://registry.npmjs.org/https-proxy-agent/-/https-proxy-agent-7.0.6.tgz. Extracting by manifest.
351 silly tarball no local data for find-cache-dir@https://registry.npmjs.org/find-cache-dir/-/find-cache-dir-3.3.2.tgz. Extracting by manifest.
352 silly tarball no local data for follow-redirects@https://registry.npmjs.org/follow-redirects/-/follow-redirects-1.15.11.tgz. Extracting by manifest.
353 silly tarball no local data for tslib@https://registry.npmjs.org/tslib/-/tslib-2.8.1.tgz. Extracting by manifest.
354 silly tarball no local data for camelcase@https://registry.npmjs.org/camelcase/-/camelcase-6.3.0.tgz. Extracting by manifest.
355 silly tarball no local data for semver@https://registry.npmjs.org/semver/-/semver-6.3.1.tgz. Extracting by manifest.
356 silly tarball no local data for async-mutex@https://registry.npmjs.org/async-mutex/-/async-mutex-0.5.0.tgz. Extracting by manifest.
357 silly tarball no local data for mongodb-memory-server-core@https://registry.npmjs.org/mongodb-memory-server-core/-/mongodb-memory-server-core-11.0.1.tgz. Extracting by manifest.
358 silly tarball no local data for mongodb-memory-server@https://registry.npmjs.org/mongodb-memory-server/-/mongodb-memory-server-11.0.1.tgz. Extracting by manifest.
359 silly tarball no local data for semver@https://registry.npmjs.org/semver/-/semver-7.7.4.tgz. Extracting by manifest.
360 silly tarball no local data for @types/whatwg-url@https://registry.npmjs.org/@types/whatwg-url/-/whatwg-url-13.0.0.tgz. Extracting by manifest.
361 silly tarball no local data for mongodb-connection-string-url@https://registry.npmjs.org/mongodb-connection-string-url/-/mongodb-connection-string-url-7.0.1.tgz. Extracting by manifest.
362 silly tarball no local data for bson@https://registry.npmjs.org/bson/-/bson-7.2.0.tgz. Extracting by manifest.
363 silly tarball no local data for mongodb@https://registry.npmjs.org/mongodb/-/mongodb-7.1.0.tgz. Extracting by manifest.
364 http fetch GET 200 https://registry.npmjs.org/pend/-/pend-1.2.0.tgz 168ms (cache miss)
365 http fetch GET 200 https://registry.npmjs.org/buffer-crc32/-/buffer-crc32-0.2.13.tgz 171ms (cache miss)
366 http fetch GET 200 https://registry.npmjs.org/events-universal/-/events-universal-1.0.1.tgz 171ms (cache miss)
367 http fetch GET 200 https://registry.npmjs.org/teex/-/teex-1.0.1.tgz 172ms (cache miss)
368 http fetch GET 200 https://registry.npmjs.org/fast-fifo/-/fast-fifo-1.3.2.tgz 179ms (cache miss)
369 http fetch GET 200 https://registry.npmjs.org/text-decoder/-/text-decoder-1.2.7.tgz 193ms (cache miss)
370 http fetch GET 200 https://registry.npmjs.org/bare-stream/-/bare-stream-2.8.1.tgz 214ms (cache miss)
371 http fetch GET 200 https://registry.npmjs.org/locate-path/-/locate-path-5.0.0.tgz 205ms (cache miss)
372 http fetch GET 200 https://registry.npmjs.org/p-try/-/p-try-2.2.0.tgz 208ms (cache miss)
373 http fetch GET 200 https://registry.npmjs.org/p-locate/-/p-locate-4.1.0.tgz 215ms (cache miss)
374 http fetch GET 200 https://registry.npmjs.org/find-up/-/find-up-4.1.0.tgz 218ms (cache miss)
375 http fetch GET 200 https://registry.npmjs.org/path-exists/-/path-exists-4.0.0.tgz 220ms (cache miss)
376 http fetch GET 200 https://registry.npmjs.org/bare-path/-/bare-path-3.0.0.tgz 239ms (cache miss)
377 http fetch GET 200 https://registry.npmjs.org/pkg-dir/-/pkg-dir-4.2.0.tgz 235ms (cache miss)
378 http fetch POST 200 https://registry.npmjs.org/-/npm/v1/security/advisories/bulk 311ms
379 silly audit report {
379 silly audit report   jws: [
379 silly audit report     {
379 silly audit report       id: 1111244,
379 silly audit report       url: 'https://github.com/advisories/GHSA-869p-cjfg-cm3x',
379 silly audit report       title: 'auth0/node-jws Improperly Verifies HMAC Signature',
379 silly audit report       severity: 'high',
379 silly audit report       vulnerable_versions: '<3.2.3',
379 silly audit report       cwe: [Array],
379 silly audit report       cvss: [Object]
379 silly audit report     }
379 silly audit report   ],
379 silly audit report   multer: [
379 silly audit report     {
379 silly audit report       id: 1113635,
379 silly audit report       url: 'https://github.com/advisories/GHSA-xf7r-hgr6-v32p',
379 silly audit report       title: 'Multer vulnerable to Denial of Service via incomplete cleanup',
379 silly audit report       severity: 'high',
379 silly audit report       vulnerable_versions: '<2.1.0',
379 silly audit report       cwe: [Array],
379 silly audit report       cvss: [Object]
379 silly audit report     },
379 silly audit report     {
379 silly audit report       id: 1113636,
379 silly audit report       url: 'https://github.com/advisories/GHSA-v52c-386h-88mc',
379 silly audit report       title: 'Multer vulnerable to Denial of Service via resource exhaustion',
379 silly audit report       severity: 'high',
379 silly audit report       vulnerable_versions: '<2.1.0',
379 silly audit report       cwe: [Array],
379 silly audit report       cvss: [Object]
379 silly audit report     },
379 silly audit report     {
379 silly audit report       id: 1113996,
379 silly audit report       url: 'https://github.com/advisories/GHSA-5528-5vmv-3xc2',
379 silly audit report       title: 'Multer Vulnerable to Denial of Service via Uncontrolled Recursion',
379 silly audit report       severity: 'high',
379 silly audit report       vulnerable_versions: '<2.1.1',
379 silly audit report       cwe: [Array],
379 silly audit report       cvss: [Object]
379 silly audit report     }
379 silly audit report   ]
379 silly audit report }
380 silly packumentCache corgi:https://registry.npmjs.org/jws cache-miss
381 silly packumentCache corgi:https://registry.npmjs.org/multer cache-miss
382 http fetch GET 200 https://registry.npmjs.org/make-dir/-/make-dir-3.1.0.tgz 304ms (cache miss)
383 http fetch GET 200 https://registry.npmjs.org/commondir/-/commondir-1.0.1.tgz 317ms (cache miss)
384 http fetch GET 200 https://registry.npmjs.org/new-find-package-json/-/new-find-package-json-2.0.0.tgz 362ms (cache miss)
385 http fetch GET 200 https://registry.npmjs.org/find-cache-dir/-/find-cache-dir-3.3.2.tgz 380ms (cache miss)
386 http fetch GET 200 https://registry.npmjs.org/tar-stream/-/tar-stream-3.1.8.tgz 408ms (cache miss)
387 http fetch GET 200 https://registry.npmjs.org/async-mutex/-/async-mutex-0.5.0.tgz 406ms (cache miss)
388 http fetch GET 200 https://registry.npmjs.org/p-limit/-/p-limit-2.3.0.tgz 424ms (cache miss)
389 http fetch GET 200 https://registry.npmjs.org/camelcase/-/camelcase-6.3.0.tgz 411ms (cache miss)
390 http fetch GET 200 https://registry.npmjs.org/mongodb-memory-server/-/mongodb-memory-server-11.0.1.tgz 418ms (cache miss)
391 http fetch GET 200 https://registry.npmjs.org/yauzl/-/yauzl-3.2.1.tgz 428ms (cache miss)
392 http fetch GET 200 https://registry.npmjs.org/follow-redirects/-/follow-redirects-1.15.11.tgz 425ms (cache miss)
393 http fetch GET 200 https://registry.npmjs.org/mongodb-connection-string-url/-/mongodb-connection-string-url-7.0.1.tgz 421ms (cache miss)
394 http fetch GET 200 https://registry.npmjs.org/jws 188ms (cache miss)
395 silly packumentCache corgi:https://registry.npmjs.org/jws set size:undefined disposed:false
396 http fetch GET 200 https://registry.npmjs.org/semver/-/semver-6.3.1.tgz 454ms (cache miss)
397 http fetch GET 200 https://registry.npmjs.org/agent-base/-/agent-base-7.1.4.tgz 477ms (cache miss)
398 http fetch GET 200 https://registry.npmjs.org/multer 233ms (cache miss)
399 silly packumentCache corgi:https://registry.npmjs.org/multer set size:undefined disposed:false
400 http fetch GET 200 https://registry.npmjs.org/https-proxy-agent/-/https-proxy-agent-7.0.6.tgz 500ms (cache miss)
401 http fetch GET 200 https://registry.npmjs.org/tslib/-/tslib-2.8.1.tgz 513ms (cache miss)
402 silly packumentCache corgi:https://registry.npmjs.org/jsonwebtoken cache-miss
403 http fetch GET 200 https://registry.npmjs.org/streamx/-/streamx-2.23.0.tgz 601ms (cache miss)
404 http fetch GET 200 https://registry.npmjs.org/@types/whatwg-url/-/whatwg-url-13.0.0.tgz 613ms (cache miss)
405 http fetch GET 200 https://registry.npmjs.org/b4a/-/b4a-1.8.0.tgz 642ms (cache miss)
406 http fetch GET 200 https://registry.npmjs.org/bare-os/-/bare-os-3.8.0.tgz 672ms (cache miss)
407 http fetch GET 200 https://registry.npmjs.org/bare-url/-/bare-url-2.3.2.tgz 727ms (cache miss)
408 http fetch GET 200 https://registry.npmjs.org/semver/-/semver-7.7.4.tgz 778ms (cache miss)
409 http fetch GET 200 https://registry.npmjs.org/bare-fs/-/bare-fs-4.5.5.tgz 824ms (cache miss)
410 http fetch GET 200 https://registry.npmjs.org/bare-events/-/bare-events-2.8.2.tgz 887ms (cache miss)
411 http fetch GET 200 https://registry.npmjs.org/bson/-/bson-7.2.0.tgz 865ms (cache miss)
412 http fetch GET 200 https://registry.npmjs.org/mongodb-memory-server-core/-/mongodb-memory-server-core-11.0.1.tgz 891ms (cache miss)
413 http fetch GET 200 https://registry.npmjs.org/jsonwebtoken 737ms (cache miss)
414 silly packumentCache corgi:https://registry.npmjs.org/jsonwebtoken set size:undefined disposed:false
415 http fetch GET 200 https://registry.npmjs.org/mongodb/-/mongodb-7.1.0.tgz 2137ms (cache miss)
416 info run mongodb-memory-server@11.0.1 postinstall node_modules/mongodb-memory-server node ./postinstall.js
417 info run mongodb-memory-server@11.0.1 postinstall { code: 'EPERM', signal: undefined }
418 warn cleanup Failed to remove some directories [
418 warn cleanup   [
418 warn cleanup     '\\\\?\\C:\\Users\\n1j\\Desktop\\BookStoreAppMERN-main\\node_modules\\mongodb-memory-server-core',
418 warn cleanup     [Error: EPERM: operation not permitted, rmdir 'C:\Users\n1j\Desktop\BookStoreAppMERN-main\node_modules\mongodb-memory-server-core\node_modules\@types'] {
418 warn cleanup       errno: -4048,
418 warn cleanup       code: 'EPERM',
418 warn cleanup       syscall: 'rmdir',
418 warn cleanup       path: 'C:\\Users\\n1j\\Desktop\\BookStoreAppMERN-main\\node_modules\\mongodb-memory-server-core\\node_modules\\@types'
418 warn cleanup     }
418 warn cleanup   ]
418 warn cleanup ]
419 verbose stack Error: spawn EPERM
419 verbose stack     at ChildProcess.spawn (node:internal/child_process:421:11)
419 verbose stack     at spawn (node:child_process:796:9)
419 verbose stack     at promiseSpawn (C:\Program Files\nodejs\node_modules\npm\node_modules\@npmcli\promise-spawn\lib\index.js:39:16)
419 verbose stack     at spawnWithShell (C:\Program Files\nodejs\node_modules\npm\node_modules\@npmcli\promise-spawn\lib\index.js:124:10)
419 verbose stack     at promiseSpawn (C:\Program Files\nodejs\node_modules\npm\node_modules\@npmcli\promise-spawn\lib\index.js:12:12)
419 verbose stack     at runScriptPkg (C:\Program Files\nodejs\node_modules\npm\node_modules\@npmcli\run-script\lib\run-script-pkg.js:79:13)
419 verbose stack     at runScript (C:\Program Files\nodejs\node_modules\npm\node_modules\@npmcli\run-script\lib\run-script.js:9:12)
419 verbose stack     at C:\Program Files\nodejs\node_modules\npm\node_modules\@npmcli\arborist\lib\arborist\rebuild.js:327:17
419 verbose stack     at run (C:\Program Files\nodejs\node_modules\npm\node_modules\promise-call-limit\dist\commonjs\index.js:67:22)
419 verbose stack     at C:\Program Files\nodejs\node_modules\npm\node_modules\promise-call-limit\dist\commonjs\index.js:84:9
420 error code EPERM
421 error syscall spawn
422 error errno -4048
423 error Error: spawn EPERM
423 error     at ChildProcess.spawn (node:internal/child_process:421:11)
423 error     at spawn (node:child_process:796:9)
423 error     at promiseSpawn (C:\Program Files\nodejs\node_modules\npm\node_modules\@npmcli\promise-spawn\lib\index.js:39:16)
423 error     at spawnWithShell (C:\Program Files\nodejs\node_modules\npm\node_modules\@npmcli\promise-spawn\lib\index.js:124:10)
423 error     at promiseSpawn (C:\Program Files\nodejs\node_modules\npm\node_modules\@npmcli\promise-spawn\lib\index.js:12:12)
423 error     at runScriptPkg (C:\Program Files\nodejs\node_modules\npm\node_modules\@npmcli\run-script\lib\run-script-pkg.js:79:13)
423 error     at runScript (C:\Program Files\nodejs\node_modules\npm\node_modules\@npmcli\run-script\lib\run-script.js:9:12)
423 error     at C:\Program Files\nodejs\node_modules\npm\node_modules\@npmcli\arborist\lib\arborist\rebuild.js:327:17
423 error     at run (C:\Program Files\nodejs\node_modules\npm\node_modules\promise-call-limit\dist\commonjs\index.js:67:22)
423 error     at C:\Program Files\nodejs\node_modules\npm\node_modules\promise-call-limit\dist\commonjs\index.js:84:9 {
423 error   errno: -4048,
423 error   code: 'EPERM',
423 error   syscall: 'spawn'
423 error }
424 error
424 error The operation was rejected by your operating system.
424 error It's possible that the file was already in use (by a text editor or antivirus),
424 error or that you lack permissions to access it.
424 error
424 error If you believe this might be a permissions issue, please double-check the
424 error permissions of the file and its containing directories, or try running
424 error the command again as root/Administrator.
425 silly unfinished npm timer reify 1773770468610
426 silly unfinished npm timer reify:build 1773770479730
427 silly unfinished npm timer build 1773770479730
428 silly unfinished npm timer build:deps 1773770479731
429 silly unfinished npm timer build:run:postinstall 1773770479751
430 silly unfinished npm timer build:run:postinstall:node_modules/mongodb-memory-server 1773770479751
431 verbose cwd C:\Users\n1j\Desktop\BookStoreAppMERN-main
432 verbose os Windows_NT 10.0.26200
433 verbose node v24.14.0
434 verbose npm  v11.9.0
435 notice
435 notice New minor version of npm available! 11.9.0 -> 11.11.1
435 notice Changelog: https://github.com/npm/cli/releases/tag/v11.11.1
435 notice To update run: npm install -g npm@11.11.1
435 notice  { force: true, Symbol(proc-log.meta): true }
436 verbose exit -4048
437 verbose code -4048
438 error A complete log of this run can be found in: C:\Users\n1j\Desktop\BookStoreAppMERN-main\.npm-cache\_logs\2026-03-17T18_01_07_445Z-debug-0.log
